[20:52:03.482] [INFO] Running addon-a11y-addon-test automigration
[20:52:03.483] [DEBUG] Extracting storybook data...
[20:52:03.483] [DEBUG] Getting Storybook info...
[20:52:03.816] [ERROR] [38;2;241;97;97mSB_CORE-SERVER_0007 (MainFileEvaluationError): Storybook couldn't evaluate your .storybook/main.ts file.

Original error:
Error [ERR_MODULE_NOT_FOUND]: Cannot find package '@chromatic-com/storybook' imported from /.storybook/main.ts
    at Object.getPackageJSONURL (node:internal/modules/package_json_reader:316:9)
    at packageResolve (node:internal/modules/esm/resolve:768:81)
    at moduleResolve (node:internal/modules/esm/resolve:858:18)
    at defaultResolve (node:internal/modules/esm/resolve:990:11)
    at nextResolve (node:internal/modules/esm/hooks:785:28)
    at AsyncLoaderHooksOnLoaderHookWorker.resolve (node:internal/modules/esm/hooks:269:30)
    at MessagePort.handleMessage (node:internal/modules/esm/worker:251:24)
    at [nodejs.internal.kHybridDispatch] (node:internal/event_target:845:20)
    at MessagePort.<anonymous> (node:internal/per_context/messageport:23:28)[39m
    at loadMainConfig (file:///home/arek/.npm/_npx/b8d6390bedbcd544/node_modules/storybook/dist/_node-chunks/chunk-WF46L34H.js:11709:11)
    at async getStorybookInfo (file:///home/arek/.npm/_npx/b8d6390bedbcd544/node_modules/storybook/dist/_node-chunks/chunk-WF46L34H.js:11798:59)
    at async getStorybookData (file:///home/arek/.npm/_npx/b8d6390bedbcd544/node_modules/@storybook/cli/dist/_node-chunks/chunk-JECGKZSI.js:169:7)
    at async doAutomigrate (file:///home/arek/.npm/_npx/b8d6390bedbcd544/node_modules/@storybook/cli/dist/_node-chunks/run-I2PTZ5OH.js:7751:7)
    at async file:///home/arek/.npm/_npx/b8d6390bedbcd544/node_modules/@storybook/cli/dist/_node-chunks/run-I2PTZ5OH.js:9718:90
    at async withTelemetry (file:///home/arek/.npm/_npx/b8d6390bedbcd544/node_modules/storybook/dist/_node-chunks/chunk-KIOKJLL5.js:218:12)
[20:52:03.822] [INFO] Storybook collects completely anonymous usage telemetry. We use it to shape Storybook's roadmap and prioritize features. You can learn more, including how to opt out, at https://storybook.js.org/telemetry
[20:52:04.562] [ERROR] SB_CORE-SERVER_0007 (MainFileEvaluationError): Storybook couldn't evaluate your .storybook/main.ts file.

Original error:
Error [ERR_MODULE_NOT_FOUND]: Cannot find package '@chromatic-com/storybook' imported from /.storybook/main.ts
    at Object.getPackageJSONURL (node:internal/modules/package_json_reader:316:9)
    at packageResolve (node:internal/modules/esm/resolve:768:81)
    at moduleResolve (node:internal/modules/esm/resolve:858:18)
    at defaultResolve (node:internal/modules/esm/resolve:990:11)
    at nextResolve (node:internal/modules/esm/hooks:785:28)
    at AsyncLoaderHooksOnLoaderHookWorker.resolve (node:internal/modules/esm/hooks:269:30)
    at MessagePort.handleMessage (node:internal/modules/esm/worker:251:24)
    at [nodejs.internal.kHybridDispatch] (node:internal/event_target:845:20)
    at MessagePort.<anonymous> (node:internal/per_context/messageport:23:28)